Exceï¿½ï¿½o ao chamar "Open" com "0" argumento(s): "O acesso ï¿½ porta 'COM3' foi negado."
No C:\Users\Usuï¿½rio\MesaFacilPrinter\raw-print.ps1:29 caractere:5
+     $serial.Open()
+     ~~~~~~~~~~~~~~
    + CategoryInfo          : NotSpecified: (:) [], MethodInvocationException
    + FullyQualifiedErrorId : UnauthorizedAccessException
 

Erro ao imprimir pedido:
Error: Command failed: powershell.exe -NoProfile -ExecutionPolicy Bypass -File C:\Users\UsuĂ¡rio\MesaFacilPrinter\raw-print.ps1 C:\Users\UsuĂ¡rio\MesaFacilPrinter\cupom.raw
Exceï¿½ï¿½o ao chamar "Open" com "0" argumento(s): "O acesso ï¿½ porta 'COM3' foi negado."
No C:\Users\Usuï¿½rio\MesaFacilPrinter\raw-print.ps1:29 caractere:5
+     $serial.Open()
+     ~~~~~~~~~~~~~~
    + CategoryInfo          : NotSpecified: (:) [], MethodInvocationException
    + FullyQualifiedErrorId : UnauthorizedAccessException
 

    at ChildProcess.exithandler (node:child_process:422:12)
    at ChildProcess.emit (node:events:517:28)
    at maybeClose (node:internal/child_process:1098:16)
    at ChildProcess._handle.onexit (node:internal/child_process:303:5) {
  code: 1,
  killed: false,
  signal: null,
  cmd: 'powershell.exe -NoProfile -ExecutionPolicy Bypass -File C:\\Users\\UsuĂ¡rio\\MesaFacilPrinter\\raw-print.ps1 C:\\Users\\UsuĂ¡rio\\MesaFacilPrinter\\cupom.raw'
}
Exceï¿½ï¿½o ao chamar "Open" com "0" argumento(s): "O nome de porta especificado nï¿½o ï¿½ iniciado por COM/com ou nï¿½o ï¿½ 
resolvido para uma porta serial vï¿½lida.
Nome do parï¿½metro: portName"
No C:\Users\Usuï¿½rio\MesaFacilPrinter\raw-print.ps1:29 caractere:5
+     $serial.Open()
+     ~~~~~~~~~~~~~~
    + CategoryInfo          : NotSpecified: (:) [], MethodInvocationException
    + FullyQualifiedErrorId : ArgumentException
 

Erro ao imprimir pedido:
Error: Command failed: powershell.exe -NoProfile -ExecutionPolicy Bypass -File C:\Users\UsuĂ¡rio\MesaFacilPrinter\raw-print.ps1 C:\Users\UsuĂ¡rio\MesaFacilPrinter\cupom.raw
Exceï¿½ï¿½o ao chamar "Open" com "0" argumento(s): "O nome de porta especificado nï¿½o ï¿½ iniciado por COM/com ou nï¿½o ï¿½ 
resolvido para uma porta serial vï¿½lida.
Nome do parï¿½metro: portName"
No C:\Users\Usuï¿½rio\MesaFacilPrinter\raw-print.ps1:29 caractere:5
+     $serial.Open()
+     ~~~~~~~~~~~~~~
    + CategoryInfo          : NotSpecified: (:) [], MethodInvocationException
    + FullyQualifiedErrorId : ArgumentException
 

    at ChildProcess.exithandler (node:child_process:422:12)
    at ChildProcess.emit (node:events:517:28)
    at maybeClose (node:internal/child_process:1098:16)
    at ChildProcess._handle.onexit (node:internal/child_process:303:5) {
  code: 1,
  killed: false,
  signal: null,
  cmd: 'powershell.exe -NoProfile -ExecutionPolicy Bypass -File C:\\Users\\UsuĂ¡rio\\MesaFacilPrinter\\raw-print.ps1 C:\\Users\\UsuĂ¡rio\\MesaFacilPrinter\\cupom.raw'
}
