======================================
 NOVO PRINTER.JS - ESC/POS 
======================================
SERVIDOR NOVO INICIADO

======================================
 Mesa Fácil - Printer Service
======================================
Servidor : http://localhost:3002
Impressora : ELGIN i9(COM3)
Status : ONLINE
======================================

======================================
 NOVO PRINTER.JS - ESC/POS 
======================================
SERVIDOR NOVO INICIADO

======================================
 Mesa Fácil - Printer Service
======================================
Servidor : http://localhost:3002
Impressora : ELGIN i9(COM3)
Status : ONLINE
======================================

======================================
 NOVO PRINTER.JS - ESC/POS 
======================================
SERVIDOR NOVO INICIADO

======================================
 Mesa Fácil - Printer Service
======================================
Servidor : http://localhost:3002
Impressora : ELGIN i9(COM3)
Status : ONLINE
======================================

======================================
 NOVO PRINTER.JS - ESC/POS 
======================================
SERVIDOR NOVO INICIADO

======================================
 Mesa Fácil - Printer Service
======================================
Servidor : http://localhost:3002
Impressora : ELGIN i9(COM3)
Status : ONLINE
======================================

RAW enviado:
1025 bytes

RAW enviado:
1025 bytes

RAW enviado:
1025 bytes

======================================
 NOVO PRINTER.JS - ESC/POS 
======================================
SERVIDOR NOVO INICIADO

======================================
 Mesa Fácil - Printer Service
======================================
Servidor : http://localhost:3002
Impressora : ELGIN i9(COM3)
Status : ONLINE
======================================

RAW enviado:
1540 bytes

======================================
 NOVO PRINTER.JS - ESC/POS 
======================================
SERVIDOR NOVO INICIADO

======================================
 Mesa Fácil - Printer Service
======================================
Servidor : http://localhost:3002
Impressora : ELGIN i9(COM3)
Status : ONLINE
======================================

RAW enviado:
1226 bytes

======================================
 NOVO PRINTER.JS - ESC/POS 
======================================
SERVIDOR NOVO INICIADO

======================================
 Mesa Fácil - Printer Service
======================================
Servidor : http://localhost:3002
Impressora : ELGIN i9(COM3)
Status : ONLINE
======================================

RAW enviado:
1222 bytes

==============================
JSON RECEBIDO:
{
  "id": "ytzzzIrtLHQAlT6VJP0f",
  "clienteId": "gC8f5iBPM6VYUAxkblXIl0T7uZt1",
  "telefoneWhatsapp": "5519991521322",
  "bairroLabel": "Porto Alegre (R$ 8,00)",
  "referencia": "Casa amarela",
  "bairro": "Porto Alegre",
  "taxaEntrega": 8,
  "impresso": false,
  "origem": "CLIENTE_WEB",
  "atualizadoEm": {
    "seconds": 1783791969,
    "nanoseconds": 707000000
  },
  "valorTotal": 40,
  "observacoes": "Tocar interfone",
  "telefone": "(19) 99152-1322",
  "cliente": "MATHEUS DE SOUZA GONCALVES",
  "longitude": null,
  "valorSubtotal": 32,
  "numeroPedido": "950353",
  "criadoEm": {
    "seconds": 1783791950,
    "nanoseconds": 498000000
  },
  "pagamentoStatus": "PENDENTE",
  "endereco": "Rua João Dias da Silva, 203",
  "bairroId": "fXtgi1fhiruTpApAAUlu",
  "itens": [
    {
      "nome": "X-Bacon Especial",
      "acrescimoPersonalizacao": 8,
      "subtotal": 32,
      "produtoId": "ZrE8qiUsCCuSTCb6QuCV",
      "quantidade": 1,
      "precoBase": 32,
      "valorUnitario": 32,
      "observacaoItem": "Sem milho",
      "personalizacoes": [
        {
          "opcoes": [
            {
              "preco": 5,
              "nome": "Hambúrguer Grande",
              "id": "3EtdTUfieIqpUEw2JUYb"
            },
            {
              "preco": 3,
              "nome": "Queijo",
              "id": "Y26NCRZIXw3H0QnnEg2X"
            }
          ],
          "grupoId": "adicionais",
          "grupoNome": "Adicionais"
        }
      ],
      "adicionais": [
        {
          "nome": "Hambúrguer Grande",
          "preco": 5,
          "id": "3EtdTUfieIqpUEw2JUYb"
        },
        {
          "id": "Y26NCRZIXw3H0QnnEg2X",
          "preco": 3,
          "nome": "Queijo"
        }
      ],
      "acrescimoAdicionais": 8
    }
  ],
  "tipo": "Delivery",
  "impressoEm": null,
  "latitude": null,
  "status": "PREPARANDO",
  "trocoPara": null,
  "pagamentoMetodo": "PIX",
  "ultimoStatusNotificado": null,
  "mesaId": null
}
==============================
RAW enviado:
832 bytes

==============================
JSON RECEBIDO:
{
  "id": "cz6uVBPDHsLj7Bxqs68k",
  "bairroId": "fXtgi1fhiruTpApAAUlu",
  "itens": [
    {
      "subtotal": 32,
      "acrescimoPersonalizacao": 8,
      "quantidade": 1,
      "produtoId": "ZrE8qiUsCCuSTCb6QuCV",
      "nome": "X-Bacon Especial",
      "precoBase": 32,
      "valorUnitario": 32,
      "observacaoItem": "Sem milho",
      "personalizacoes": [
        {
          "opcoes": [
            {
              "preco": 5,
              "nome": "Hambúrguer Grande",
              "id": "3EtdTUfieIqpUEw2JUYb"
            },
            {
              "nome": "Queijo",
              "preco": 3,
              "id": "Y26NCRZIXw3H0QnnEg2X"
            }
          ],
          "grupoNome": "Adicionais",
          "grupoId": "adicionais"
        }
      ],
      "acrescimoAdicionais": 8,
      "adicionais": [
        {
          "preco": 5,
          "nome": "Hambúrguer Grande",
          "id": "3EtdTUfieIqpUEw2JUYb"
        },
        {
          "id": "Y26NCRZIXw3H0QnnEg2X",
          "nome": "Queijo",
          "preco": 3
        }
      ]
    }
  ],
  "tipo": "Delivery",
  "status": "PREPARANDO",
  "latitude": null,
  "impressoEm": null,
  "mesaId": null,
  "pagamentoMetodo": "DINHEIRO",
  "ultimoStatusNotificado": null,
  "trocoPara": 50,
  "cliente": "MATHEUS DE SOUZA GONCALVES",
  "longitude": null,
  "criadoEm": {
    "seconds": 1783792065,
    "nanoseconds": 307000000
  },
  "numeroPedido": "065177",
  "valorSubtotal": 32,
  "pagamentoStatus": "PENDENTE",
  "endereco": "Rua João Dias da Silva, 203",
  "origem": "CLIENTE_WEB",
  "impresso": false,
  "valorTotal": 40,
  "atualizadoEm": {
    "seconds": 1783792071,
    "nanoseconds": 538000000
  },
  "telefone": "(19) 99152-1322",
  "observacoes": "Tocar interfone",
  "clienteId": "gC8f5iBPM6VYUAxkblXIl0T7uZt1",
  "bairroLabel": "Porto Alegre (R$ 8,00)",
  "telefoneWhatsapp": "5519991521322",
  "referencia": "Casa amarela",
  "taxaEntrega": 8,
  "bairro": "Porto Alegre"
}
==============================
RAW enviado:
837 bytes

======================================
 NOVO PRINTER.JS - ESC/POS 
======================================
SERVIDOR NOVO INICIADO

======================================
 Mesa Fácil - Printer Service
======================================
Servidor : http://localhost:3002
Impressora : ELGIN i9(COM3)
Status : ONLINE
======================================

==============================
JSON RECEBIDO:
{
  "id": "cz6uVBPDHsLj7Bxqs68k",
  "ultimoStatusNotificado": null,
  "observacoes": "Tocar interfone",
  "cliente": "MATHEUS DE SOUZA GONCALVES",
  "longitude": null,
  "taxaEntrega": 8,
  "telefone": "(19) 99152-1322",
  "impresso": false,
  "itens": [
    {
      "subtotal": 32,
      "precoBase": 32,
      "quantidade": 1,
      "produtoId": "ZrE8qiUsCCuSTCb6QuCV",
      "observacaoItem": "Sem milho",
      "acrescimoAdicionais": 8,
      "acrescimoPersonalizacao": 8,
      "adicionais": [
        {
          "id": "3EtdTUfieIqpUEw2JUYb",
          "preco": 5,
          "nome": "Hambúrguer Grande"
        },
        {
          "id": "Y26NCRZIXw3H0QnnEg2X",
          "preco": 3,
          "nome": "Queijo"
        }
      ],
      "valorUnitario": 32,
      "personalizacoes": [
        {
          "grupoId": "adicionais",
          "opcoes": [
            {
              "nome": "Hambúrguer Grande",
              "id": "3EtdTUfieIqpUEw2JUYb",
              "preco": 5
            },
            {
              "nome": "Queijo",
              "id": "Y26NCRZIXw3H0QnnEg2X",
              "preco": 3
            }
          ],
          "grupoNome": "Adicionais"
        }
      ],
      "nome": "X-Bacon Especial"
    }
  ],
  "criadoEm": {
    "seconds": 1783792065,
    "nanoseconds": 307000000
  },
  "pagamentoMetodo": "DINHEIRO",
  "numeroPedido": "065177",
  "telefoneWhatsapp": "5519991521322",
  "atualizadoEm": {
    "seconds": 1783792071,
    "nanoseconds": 538000000
  },
  "origem": "CLIENTE_WEB",
  "status": "PREPARANDO",
  "impressoEm": null,
  "bairroId": "fXtgi1fhiruTpApAAUlu",
  "mesaId": null,
  "clienteId": "gC8f5iBPM6VYUAxkblXIl0T7uZt1",
  "valorTotal": 40,
  "endereco": "Rua João Dias da Silva, 203",
  "bairroLabel": "Porto Alegre (R$ 8,00)",
  "bairro": "Porto Alegre",
  "valorSubtotal": 32,
  "tipo": "Delivery",
  "referencia": "Casa amarela",
  "trocoPara": 50,
  "latitude": null,
  "pagamentoStatus": "PENDENTE"
}
==============================
RAW enviado:
868 bytes

==============================
JSON RECEBIDO:
{
  "id": "tlCuJiIxaqaptOahxB5o",
  "impresso": false,
  "origem": "CLIENTE_WEB",
  "atualizadoEm": {
    "seconds": 1783793315,
    "nanoseconds": 538000000
  },
  "valorTotal": 24,
  "observacoes": "",
  "telefone": "(19) 99152-1322",
  "clienteId": "v9Rw7YsHcTdxUyU7ud56LCjlKod2",
  "telefoneWhatsapp": "5519991521322",
  "bairroLabel": "",
  "referencia": "",
  "bairro": "",
  "taxaEntrega": 0,
  "bairroId": null,
  "tipo": "Retirada",
  "itens": [
    {
      "nome": "X-Bacon Especial",
      "subtotal": 24,
      "acrescimoPersonalizacao": 0,
      "quantidade": 1,
      "produtoId": "ZrE8qiUsCCuSTCb6QuCV",
      "precoBase": 24,
      "observacaoItem": "",
      "valorUnitario": 24,
      "personalizacoes": [],
      "adicionais": [],
      "acrescimoAdicionais": 0
    }
  ],
  "status": "PREPARANDO",
  "impressoEm": null,
  "latitude": null,
  "trocoPara": 50,
  "mesaId": null,
  "pagamentoMetodo": "DINHEIRO",
  "ultimoStatusNotificado": null,
  "cliente": "M",
  "longitude": null,
  "numeroPedido": "253255",
  "valorSubtotal": 24,
  "criadoEm": {
    "seconds": 1783793312,
    "nanoseconds": 404000000
  },
  "endereco": "",
  "pagamentoStatus": "PENDENTE"
}
==============================
RAW enviado:
691 bytes

======================================
 NOVO PRINTER.JS - ESC/POS 
======================================
SERVIDOR NOVO INICIADO

======================================
 Mesa Fácil - Printer Service
======================================
Servidor : http://localhost:3002
Impressora : ELGIN i9(COM3)
Status : ONLINE
======================================

======================================
 NOVO PRINTER.JS - ESC/POS 
======================================
SERVIDOR NOVO INICIADO

======================================
 Mesa Fácil - Printer Service
======================================
Servidor : http://localhost:3002
Impressora : ELGIN i9(COM3)
Status : ONLINE
======================================

