🚀 API do WhatsApp rodando em http://localhost:3001
🚀 API do WhatsApp rodando em http://localhost:3001
🚀 API do WhatsApp rodando em http://localhost:3001
🚀 API do WhatsApp rodando em http://localhost:3001
🚀 API do WhatsApp rodando em http://localhost:3001
🚀 API do WhatsApp rodando em http://localhost:3001
🚀 API do WhatsApp rodando em http://localhost:3001
🚀 API do WhatsApp rodando em http://localhost:3001
🚀 API do WhatsApp rodando em http://localhost:3001
🚀 API do WhatsApp rodando em http://localhost:3001
🚀 API do WhatsApp rodando em http://localhost:3001
🚀 API do WhatsApp rodando em http://localhost:3001
🚀 API do WhatsApp rodando em http://localhost:3001
🚀 API do WhatsApp rodando em http://localhost:3001
🚀 API do WhatsApp rodando em http://localhost:3001
🚀 API do WhatsApp rodando em http://localhost:3001
🚀 API do WhatsApp rodando em http://localhost:3001
🚀 API do WhatsApp rodando em http://localhost:3001
🚀 API do WhatsApp rodando em http://localhost:3001
🚀 API do WhatsApp rodando em http://localhost:3001
🚀 API do WhatsApp rodando em http://localhost:3001
🚀 API do WhatsApp rodando em http://localhost:3001
🚀 API do WhatsApp rodando em http://localhost:3001
🚀 API do WhatsApp rodando em http://localhost:3001
🚀 API do WhatsApp rodando em http://localhost:3001
🚀 API do WhatsApp rodando em http://localhost:3001
🚀 API do WhatsApp rodando em http://localhost:3001
🚀 API do WhatsApp rodando em http://localhost:3001
🚀 API do WhatsApp rodando em http://localhost:3001
🚀 API do WhatsApp rodando em http://localhost:3001
🚀 API do WhatsApp rodando em http://localhost:3001
🚀 API do WhatsApp rodando em http://localhost:3001
🚀 API do WhatsApp rodando em http://localhost:3001
🚀 API do WhatsApp rodando em http://localhost:3001
🚀 API do WhatsApp rodando em http://localhost:3001
🚀 API do WhatsApp rodando em http://localhost:3001
🚀 API do WhatsApp rodando em http://localhost:3001
🚀 API do WhatsApp rodando em http://localhost:3001
🚀 API do WhatsApp rodando em http://localhost:3001
🚀 API do WhatsApp rodando em http://localhost:3001
🚀 API do WhatsApp rodando em http://localhost:3001
🚀 API do WhatsApp rodando em http://localhost:3001
🚀 API do WhatsApp rodando em http://localhost:3001
🚀 API do WhatsApp rodando em http://localhost:3001
🚀 API do WhatsApp rodando em http://localhost:3001
🚀 API do WhatsApp rodando em http://localhost:3001
🚀 API do WhatsApp rodando em http://localhost:3001
🚀 API do WhatsApp rodando em http://localhost:3001
🚀 API do WhatsApp rodando em http://localhost:3001
🚀 API do WhatsApp rodando em http://localhost:3001
🚀 API do WhatsApp rodando em http://localhost:3001
🚀 API do WhatsApp rodando em http://localhost:3001
🚀 API do WhatsApp rodando em http://localhost:3001
🚀 API do WhatsApp rodando em http://localhost:3001
🚀 API do WhatsApp rodando em http://localhost:3001
🚀 API do WhatsApp rodando em http://localhost:3001
🚀 API do WhatsApp rodando em http://localhost:3001
🚀 API do WhatsApp rodando em http://localhost:3001
🚀 API do WhatsApp rodando em http://localhost:3001
🚀 API do WhatsApp rodando em http://localhost:3001
🚀 API do WhatsApp rodando em http://localhost:3001
🚀 API do WhatsApp rodando em http://localhost:3001
[BOT] WhatsApp autenticado.
[BOT] WhatsApp pronto!
[BOT] Listener de pedidos iniciado.
🚀 API do WhatsApp rodando em http://localhost:3001
[BOT] QR Code gerado.
🚀 API do WhatsApp rodando em http://localhost:3001
[BOT] QR Code gerado.
[BOT] QR Code gerado.
[BOT] QR Code gerado.
🚀 API do WhatsApp rodando em http://localhost:3001
[BOT] QR Code gerado.
🚀 API do WhatsApp rodando em http://localhost:3001
[BOT] QR Code gerado.
🚀 API do WhatsApp rodando em http://localhost:3001
[BOT] QR Code gerado.
🚀 API do WhatsApp rodando em http://localhost:3001
[BOT] QR Code gerado.
[BOT] QR Code gerado.
[BOT] QR Code gerado.
[BOT] QR Code gerado.
[BOT] QR Code gerado.
[BOT] QR Code gerado.
[BOT] QR Code gerado.
[BOT] QR Code gerado.
[BOT] QR Code gerado.
[BOT] QR Code gerado.
[BOT] QR Code gerado.
[BOT] QR Code gerado.
[BOT] QR Code gerado.
[BOT] QR Code gerado.
[BOT] QR Code gerado.
[BOT] QR Code gerado.
[BOT] QR Code gerado.
[BOT] QR Code gerado.
[BOT] QR Code gerado.
[BOT] QR Code gerado.
[BOT] QR Code gerado.
[BOT] QR Code gerado.
[BOT] QR Code gerado.
[BOT] QR Code gerado.
[BOT] QR Code gerado.
[BOT] QR Code gerado.
[BOT] QR Code gerado.
[BOT] QR Code gerado.
[BOT] QR Code gerado.
[BOT] QR Code gerado.
[BOT] QR Code gerado.
[BOT] QR Code gerado.
[BOT] QR Code gerado.
[BOT] QR Code gerado.
[BOT] QR Code gerado.
[BOT] QR Code gerado.
[BOT] QR Code gerado.
[BOT] QR Code gerado.
[BOT] QR Code gerado.
[BOT] QR Code gerado.
[BOT] QR Code gerado.
[BOT] QR Code gerado.
[BOT] QR Code gerado.
[BOT] QR Code gerado.
[BOT] QR Code gerado.
[BOT] QR Code gerado.
[BOT] QR Code gerado.
[BOT] QR Code gerado.
[BOT] QR Code gerado.
[BOT] QR Code gerado.
[BOT] QR Code gerado.
[BOT] QR Code gerado.
🚀 API do WhatsApp rodando em http://localhost:3001
🚀 API do WhatsApp rodando em http://localhost:3001
🚀 API do WhatsApp rodando em http://localhost:3001
🚀 API do WhatsApp rodando em http://localhost:3001
🚀 API do WhatsApp rodando em http://localhost:3001
🚀 API do WhatsApp rodando em http://localhost:3001
🚀 API do WhatsApp rodando em http://localhost:3001
🚀 API do WhatsApp rodando em http://localhost:3001
🚀 API do WhatsApp rodando em http://localhost:3001
🚀 API do WhatsApp rodando em http://localhost:3001
🚀 API do WhatsApp rodando em http://localhost:3001
🚀 API do WhatsApp rodando em http://localhost:3001
🚀 API do WhatsApp rodando em http://localhost:3001
🚀 API do WhatsApp rodando em http://localhost:3001
2026-07-16 22:31:16.413: 🚀 API do WhatsApp rodando em http://localhost:3001
2026-07-16 22:31:19.768: 🚀 API do WhatsApp rodando em http://localhost:3001
2026-07-16 22:31:22.793: 🚀 API do WhatsApp rodando em http://localhost:3001
2026-07-16 22:31:26.067: 🚀 API do WhatsApp rodando em http://localhost:3001
2026-07-16 22:31:29.090: 🚀 API do WhatsApp rodando em http://localhost:3001
2026-07-16 22:31:32.545: 🚀 API do WhatsApp rodando em http://localhost:3001
2026-07-16 22:31:35.472: 🚀 API do WhatsApp rodando em http://localhost:3001
2026-07-16 22:31:38.368: 🚀 API do WhatsApp rodando em http://localhost:3001
2026-07-16 22:31:41.170: 🚀 API do WhatsApp rodando em http://localhost:3001
2026-07-16 22:31:44.356: 🚀 API do WhatsApp rodando em http://localhost:3001
2026-07-16 22:31:47.151: 🚀 API do WhatsApp rodando em http://localhost:3001
2026-07-16 22:31:49.916: 🚀 API do WhatsApp rodando em http://localhost:3001
2026-07-16 22:31:52.781: 🚀 API do WhatsApp rodando em http://localhost:3001
2026-07-16 22:31:55.586: 🚀 API do WhatsApp rodando em http://localhost:3001
2026-07-16 22:31:58.347: 🚀 API do WhatsApp rodando em http://localhost:3001
2026-07-16 22:32:01.255: 🚀 API do WhatsApp rodando em http://localhost:3001
2026-07-16 22:32:04.835: 🚀 API do WhatsApp rodando em http://localhost:3001
2026-07-16 22:32:07.958: 🚀 API do WhatsApp rodando em http://localhost:3001
2026-07-16 22:32:11.232: 🚀 API do WhatsApp rodando em http://localhost:3001
2026-07-16 22:32:16.649: 🚀 API do WhatsApp rodando em http://localhost:3001
2026-07-16 22:32:20.130: 🚀 API do WhatsApp rodando em http://localhost:3001
2026-07-16 22:32:26.475: 🚀 API do WhatsApp rodando em http://localhost:3001
2026-07-16 22:32:31.150: 🚀 API do WhatsApp rodando em http://localhost:3001
2026-07-16 22:32:34.708: 🚀 API do WhatsApp rodando em http://localhost:3001
2026-07-16 22:32:38.066: 🚀 API do WhatsApp rodando em http://localhost:3001
2026-07-16 22:32:41.220: 🚀 API do WhatsApp rodando em http://localhost:3001
2026-07-16 22:32:44.332: 🚀 API do WhatsApp rodando em http://localhost:3001
2026-07-16 22:32:47.438: 🚀 API do WhatsApp rodando em http://localhost:3001
2026-07-16 22:32:51.058: 🚀 API do WhatsApp rodando em http://localhost:3001
2026-07-16 22:32:54.725: 🚀 API do WhatsApp rodando em http://localhost:3001
2026-07-16 22:32:59.188: 🚀 API do WhatsApp rodando em http://localhost:3001
2026-07-16 22:33:03.675: 🚀 API do WhatsApp rodando em http://localhost:3001
2026-07-16 22:33:07.702: 🚀 API do WhatsApp rodando em http://localhost:3001
2026-07-16 22:33:10.563: 🚀 API do WhatsApp rodando em http://localhost:3001
2026-07-16 22:33:13.782: 🚀 API do WhatsApp rodando em http://localhost:3001
2026-07-16 22:33:17.780: 🚀 API do WhatsApp rodando em http://localhost:3001
2026-07-16 22:33:20.713: 🚀 API do WhatsApp rodando em http://localhost:3001
2026-07-16 22:33:23.650: 🚀 API do WhatsApp rodando em http://localhost:3001
2026-07-16 22:33:26.598: 🚀 API do WhatsApp rodando em http://localhost:3001
2026-07-16 22:33:29.624: 🚀 API do WhatsApp rodando em http://localhost:3001
2026-07-16 22:33:32.490: 🚀 API do WhatsApp rodando em http://localhost:3001
2026-07-16 22:33:35.385: 🚀 API do WhatsApp rodando em http://localhost:3001
2026-07-16 22:33:38.296: 🚀 API do WhatsApp rodando em http://localhost:3001
2026-07-16 22:33:41.202: 🚀 API do WhatsApp rodando em http://localhost:3001
2026-07-16 22:33:44.077: 🚀 API do WhatsApp rodando em http://localhost:3001
2026-07-16 22:33:46.990: 🚀 API do WhatsApp rodando em http://localhost:3001
2026-07-16 22:33:51.716: 🚀 API do WhatsApp rodando em http://localhost:3001
2026-07-16 22:33:54.901: 🚀 API do WhatsApp rodando em http://localhost:3001
2026-07-16 22:33:58.513: 🚀 API do WhatsApp rodando em http://localhost:3001
2026-07-16 22:34:01.878: 🚀 API do WhatsApp rodando em http://localhost:3001
2026-07-16 22:34:05.159: 🚀 API do WhatsApp rodando em http://localhost:3001
2026-07-16 22:34:08.539: 🚀 API do WhatsApp rodando em http://localhost:3001
2026-07-16 22:34:11.584: 🚀 API do WhatsApp rodando em http://localhost:3001
2026-07-16 22:34:14.460: 🚀 API do WhatsApp rodando em http://localhost:3001
2026-07-16 22:34:17.430: 🚀 API do WhatsApp rodando em http://localhost:3001
2026-07-16 22:34:20.396: 🚀 API do WhatsApp rodando em http://localhost:3001
2026-07-16 22:34:23.282: 🚀 API do WhatsApp rodando em http://localhost:3001
2026-07-16 22:34:26.248: 🚀 API do WhatsApp rodando em http://localhost:3001
2026-07-16 22:34:29.194: 🚀 API do WhatsApp rodando em http://localhost:3001
2026-07-16 22:34:32.170: 🚀 API do WhatsApp rodando em http://localhost:3001
2026-07-16 22:34:35.101: 🚀 API do WhatsApp rodando em http://localhost:3001
2026-07-16 22:34:38.027: 🚀 API do WhatsApp rodando em http://localhost:3001
2026-07-16 22:34:40.927: 🚀 API do WhatsApp rodando em http://localhost:3001
2026-07-16 22:34:43.818: 🚀 API do WhatsApp rodando em http://localhost:3001
2026-07-16 22:34:46.733: 🚀 API do WhatsApp rodando em http://localhost:3001
2026-07-16 22:34:49.716: 🚀 API do WhatsApp rodando em http://localhost:3001
2026-07-16 22:34:53.346: 🚀 API do WhatsApp rodando em http://localhost:3001
2026-07-16 22:34:56.527: 🚀 API do WhatsApp rodando em http://localhost:3001
2026-07-16 22:34:59.406: 🚀 API do WhatsApp rodando em http://localhost:3001
2026-07-16 22:35:03.022: 🚀 API do WhatsApp rodando em http://localhost:3001
2026-07-16 22:35:08.534: 🚀 API do WhatsApp rodando em http://localhost:3001
2026-07-16 22:35:15.358: 🚀 API do WhatsApp rodando em http://localhost:3001
2026-07-16 22:35:19.216: 🚀 API do WhatsApp rodando em http://localhost:3001
2026-07-16 22:35:23.914: 🚀 API do WhatsApp rodando em http://localhost:3001
2026-07-16 22:35:27.491: 🚀 API do WhatsApp rodando em http://localhost:3001
2026-07-16 22:35:32.026: 🚀 API do WhatsApp rodando em http://localhost:3001
2026-07-16 22:35:36.579: 🚀 API do WhatsApp rodando em http://localhost:3001
2026-07-16 22:35:39.646: 🚀 API do WhatsApp rodando em http://localhost:3001
2026-07-16 22:35:42.674: 🚀 API do WhatsApp rodando em http://localhost:3001
2026-07-16 22:35:46.543: 🚀 API do WhatsApp rodando em http://localhost:3001
2026-07-16 22:35:50.630: 🚀 API do WhatsApp rodando em http://localhost:3001
2026-07-16 22:35:54.196: 🚀 API do WhatsApp rodando em http://localhost:3001
2026-07-16 22:35:57.558: 🚀 API do WhatsApp rodando em http://localhost:3001
2026-07-16 22:36:01.370: 🚀 API do WhatsApp rodando em http://localhost:3001
2026-07-16 22:36:04.933: 🚀 API do WhatsApp rodando em http://localhost:3001
2026-07-16 22:36:08.157: 🚀 API do WhatsApp rodando em http://localhost:3001
2026-07-16 22:36:11.083: 🚀 API do WhatsApp rodando em http://localhost:3001
2026-07-16 22:36:13.943: 🚀 API do WhatsApp rodando em http://localhost:3001
2026-07-16 22:36:16.861: 🚀 API do WhatsApp rodando em http://localhost:3001
2026-07-16 22:36:19.775: 🚀 API do WhatsApp rodando em http://localhost:3001
2026-07-16 22:36:22.895: 🚀 API do WhatsApp rodando em http://localhost:3001
2026-07-16 22:36:27.781: 🚀 API do WhatsApp rodando em http://localhost:3001
2026-07-16 22:36:30.812: 🚀 API do WhatsApp rodando em http://localhost:3001
2026-07-16 22:36:33.750: 🚀 API do WhatsApp rodando em http://localhost:3001
2026-07-16 22:36:37.713: 🚀 API do WhatsApp rodando em http://localhost:3001
2026-07-16 22:36:41.932: 🚀 API do WhatsApp rodando em http://localhost:3001
2026-07-16 22:36:46.070: 🚀 API do WhatsApp rodando em http://localhost:3001
2026-07-16 22:36:49.375: 🚀 API do WhatsApp rodando em http://localhost:3001
2026-07-16 22:36:52.624: 🚀 API do WhatsApp rodando em http://localhost:3001
2026-07-16 22:36:55.820: 🚀 API do WhatsApp rodando em http://localhost:3001
2026-07-16 22:36:59.312: 🚀 API do WhatsApp rodando em http://localhost:3001
2026-07-16 22:37:02.800: 🚀 API do WhatsApp rodando em http://localhost:3001
2026-07-16 22:37:06.107: 🚀 API do WhatsApp rodando em http://localhost:3001
2026-07-16 22:37:09.330: 🚀 API do WhatsApp rodando em http://localhost:3001
2026-07-16 22:37:12.627: 🚀 API do WhatsApp rodando em http://localhost:3001
2026-07-16 22:37:15.978: 🚀 API do WhatsApp rodando em http://localhost:3001
2026-07-16 22:37:19.322: 🚀 API do WhatsApp rodando em http://localhost:3001
2026-07-16 22:37:22.493: 🚀 API do WhatsApp rodando em http://localhost:3001
2026-07-16 22:37:25.628: 🚀 API do WhatsApp rodando em http://localhost:3001
2026-07-16 22:37:28.802: 🚀 API do WhatsApp rodando em http://localhost:3001
2026-07-16 22:37:32.442: 🚀 API do WhatsApp rodando em http://localhost:3001
2026-07-16 22:37:36.292: 🚀 API do WhatsApp rodando em http://localhost:3001
2026-07-16 22:37:40.318: 🚀 API do WhatsApp rodando em http://localhost:3001
2026-07-16 22:37:44.076: 🚀 API do WhatsApp rodando em http://localhost:3001
2026-07-16 22:37:47.693: 🚀 API do WhatsApp rodando em http://localhost:3001
2026-07-16 22:37:50.790: 🚀 API do WhatsApp rodando em http://localhost:3001
2026-07-16 22:37:53.822: 🚀 API do WhatsApp rodando em http://localhost:3001
2026-07-16 22:37:57.305: 🚀 API do WhatsApp rodando em http://localhost:3001
2026-07-16 22:38:00.866: 🚀 API do WhatsApp rodando em http://localhost:3001
2026-07-16 22:38:03.947: 🚀 API do WhatsApp rodando em http://localhost:3001
2026-07-16 22:38:07.429: 🚀 API do WhatsApp rodando em http://localhost:3001
2026-07-16 22:38:10.761: 🚀 API do WhatsApp rodando em http://localhost:3001
2026-07-16 22:38:13.826: 🚀 API do WhatsApp rodando em http://localhost:3001
2026-07-16 22:38:16.978: 🚀 API do WhatsApp rodando em http://localhost:3001
2026-07-16 22:38:19.899: 🚀 API do WhatsApp rodando em http://localhost:3001
2026-07-16 22:38:22.740: 🚀 API do WhatsApp rodando em http://localhost:3001
2026-07-16 22:38:25.770: 🚀 API do WhatsApp rodando em http://localhost:3001
2026-07-16 22:38:28.849: 🚀 API do WhatsApp rodando em http://localhost:3001
2026-07-16 22:38:31.856: 🚀 API do WhatsApp rodando em http://localhost:3001
2026-07-16 22:38:34.740: 🚀 API do WhatsApp rodando em http://localhost:3001
2026-07-16 22:38:37.793: 🚀 API do WhatsApp rodando em http://localhost:3001
2026-07-16 22:38:42.080: 🚀 API do WhatsApp rodando em http://localhost:3001
2026-07-16 22:38:45.769: 🚀 API do WhatsApp rodando em http://localhost:3001
2026-07-16 22:38:48.827: 🚀 API do WhatsApp rodando em http://localhost:3001
2026-07-16 22:38:51.914: 🚀 API do WhatsApp rodando em http://localhost:3001
2026-07-16 22:38:55.721: 🚀 API do WhatsApp rodando em http://localhost:3001
2026-07-16 22:38:58.705: 🚀 API do WhatsApp rodando em http://localhost:3001
2026-07-16 22:39:01.661: 🚀 API do WhatsApp rodando em http://localhost:3001
2026-07-16 22:39:04.833: 🚀 API do WhatsApp rodando em http://localhost:3001
2026-07-16 22:39:16.580: [BOT] WhatsApp autenticado.
2026-07-16 22:39:21.218: [BOT] WhatsApp pronto!
2026-07-16 22:39:21.239: [BOT] Listener de pedidos iniciado.
2026-07-16 23:31:29.891: [BOT] Mensagem enviada para 5519991521322 - pedido WHRBWwdJs3e4Ics7OcuR - status RECEBIDO
2026-07-16 23:31:31.865: [BOT] Mensagem enviada para 5519991521322 - pedido WHRBWwdJs3e4Ics7OcuR - status PREPARANDO
2026-07-16 23:31:32.206: [BOT] Mensagem enviada para 5519991521322 - pedido WHRBWwdJs3e4Ics7OcuR - status PREPARANDO
2026-07-16 23:31:32.338: [BOT] Mensagem enviada para 5519991521322 - pedido WHRBWwdJs3e4Ics7OcuR - status PREPARANDO
2026-07-17 00:00:01.187: [BOT] Mensagem enviada para 5519991521322 - pedido sAmqYp6Jk64jlKdV0Am6 - status RECEBIDO
2026-07-17 00:00:01.909: [BOT] Mensagem enviada para 5519991521322 - pedido sAmqYp6Jk64jlKdV0Am6 - status PREPARANDO
2026-07-17 00:18:16.962: [BOT] Mensagem enviada para 5519995028279 - pedido JjWfzTVRCquD8aZTNKTF - status RECEBIDO
2026-07-17 00:18:23.928: [BOT] Mensagem enviada para 5519995028279 - pedido JjWfzTVRCquD8aZTNKTF - status PREPARANDO
2026-07-17 00:18:26.417: [BOT] Mensagem enviada para 5519995028279 - pedido JjWfzTVRCquD8aZTNKTF - status PREPARANDO
2026-07-17 00:18:26.497: [BOT] Mensagem enviada para 5519995028279 - pedido JjWfzTVRCquD8aZTNKTF - status PREPARANDO
2026-07-17 00:53:41.376: [BOT] Mensagem enviada para 5519995028279 - pedido JjWfzTVRCquD8aZTNKTF - status PRONTO
2026-07-17 01:43:14.970: [BOT] Mensagem enviada para 5519995028279 - pedido JjWfzTVRCquD8aZTNKTF - status ENTREGUE
2026-07-17 01:46:02.935: [BOT] Pedido ZPjYQkTnazE4c7P8hYLU sem telefone válido. Notificação ignorada.
2026-07-17 01:46:07.999: [BOT] Pedido ZPjYQkTnazE4c7P8hYLU sem telefone válido. Notificação ignorada.
2026-07-17 01:46:11.553: [BOT] Pedido ZPjYQkTnazE4c7P8hYLU sem telefone válido. Notificação ignorada.
2026-07-17 02:06:50.708: [BOT] Pedido ZPjYQkTnazE4c7P8hYLU sem telefone válido. Notificação ignorada.
2026-07-17 22:41:15.405: 🚀 API do WhatsApp rodando em http://localhost:3001
2026-07-17 22:46:45.985: 🚀 API do WhatsApp rodando em http://localhost:3001
2026-07-17 22:46:55.776: [BOT] Carregando WhatsApp 0% - WhatsApp
2026-07-17 22:46:59.320: [BOT] WhatsApp autenticado.
2026-07-17 22:47:02.142: [BOT] Carregando WhatsApp 9% - WhatsApp
2026-07-17 22:47:03.164: [BOT] Carregando WhatsApp 75% - WhatsApp
2026-07-17 22:47:03.940: [BOT] Carregando WhatsApp 99% - WhatsApp
2026-07-17 22:47:07.120: [BOT] Estado após estabilizar: CONNECTED
2026-07-17 22:47:07.121: [BOT] WhatsApp pronto!
2026-07-17 22:47:07.219: [BOT] Listener de pedidos iniciado.
2026-07-17 22:54:54.691: [BOT] STATUS ATUAL: RECEBIDO
2026-07-17 22:54:54.691: [BOT] MENSAGEM GERADA:
2026-07-17 22:54:54.691: Olá *Cliente Teste 1*!
2026-07-17 22:54:54.691: 
2026-07-17 22:54:54.691: 🛍️ Recebemos seu pedido *#TEST001*
2026-07-17 22:54:54.691: 
2026-07-17 22:54:54.691: Total: *R$ 30,00*
2026-07-17 22:54:54.691: 
2026-07-17 22:54:54.691: Em breve seu pedido será confirmado.
2026-07-17 22:54:54.691: 
2026-07-17 22:54:54.691: Veja os detalhes do seu pedido no link:
2026-07-17 22:54:54.691: 
2026-07-17 22:54:54.691: https://marinilanches.vercel.app/status.html?id=TEST001
2026-07-17 22:54:54.691: 
2026-07-17 22:54:54.691: Agradecemos pela sua escolha.
2026-07-17 22:54:54.691: 
2026-07-17 22:54:54.691: Qualquer dúvida, estamos à disposição.
2026-07-17 22:54:54.691: 
2026-07-17 22:54:54.691: Atenciosamente,
2026-07-17 22:54:54.691: 
2026-07-17 22:54:54.691: *Equipe Lanches Marini*
2026-07-17 22:54:54.691: [BOT] Cliente pronto, enviando...
2026-07-17 22:54:54.694: [BOT] pupPage existe: true
2026-07-17 22:54:54.697: [BOT] pupPage fechada: false
2026-07-17 22:54:54.698: [BOT] Browser conectado: true
2026-07-17 22:54:55.712: [BOT] Estado antes envio: CONNECTED
2026-07-17 22:55:00.720: [BOT] Estado final antes envio: CONNECTED
2026-07-17 22:55:00.720: [BOT] Enviando para: 5519999999991@c.us
2026-07-17 22:55:00.721: [BOT] Tamanho mensagem: 327
2026-07-17 22:55:00.721: [BOT] Status: RECEBIDO
2026-07-17 22:55:00.721: [BOT] CHAT ID: 5519999999991@c.us
2026-07-17 22:55:00.721: [BOT] STATUS: RECEBIDO
2026-07-17 22:55:00.721: [BOT] PRIMEIROS 50 CARACTERES: Olá *Cliente Teste 1*!
2026-07-17 22:55:00.721: 
2026-07-17 22:55:00.721: 🛍️ Recebemos seu pedido *
2026-07-17 22:55:04.396: [BOT] WhatsApp aceitou o envio.
2026-07-17 22:55:04.514: [BOT] Mensagem enviada para 5519999999991 - pedido TEST001 - status RECEBIDO
2026-07-17 22:55:04.522: [BOT] Pedido TEST001_PREPARANDO já processado.
2026-07-17 22:55:04.579: [BOT] STATUS ATUAL: PREPARANDO
2026-07-17 22:55:04.579: [BOT] MENSAGEM GERADA:
2026-07-17 22:55:04.579: Olá *Cliente Teste 1*!
2026-07-17 22:55:04.579: 
2026-07-17 22:55:04.579: 👨‍🍳 Seu pedido *#TEST001* já está sendo preparado.
2026-07-17 22:55:04.579: 
2026-07-17 22:55:04.579: Você pode acompanhar o andamento em tempo real:
2026-07-17 22:55:04.579: 
2026-07-17 22:55:04.579: https://marinilanches.vercel.app/status.html?id=TEST001
2026-07-17 22:55:04.579: 
2026-07-17 22:55:04.579: Obrigado pela preferência!
2026-07-17 22:55:04.579: [BOT] Cliente pronto, enviando...
2026-07-17 22:55:04.579: [BOT] pupPage existe: true
2026-07-17 22:55:04.579: [BOT] pupPage fechada: false
2026-07-17 22:55:04.579: [BOT] Browser conectado: true
2026-07-17 22:55:05.597: [BOT] Estado antes envio: CONNECTED
2026-07-17 22:55:09.213: [BOT] Pedido TEST001_PREPARANDO já processado.
2026-07-17 22:55:10.609: [BOT] Estado final antes envio: CONNECTED
2026-07-17 22:55:10.609: [BOT] Enviando para: 5519999999991@c.us
2026-07-17 22:55:10.609: [BOT] Tamanho mensagem: 210
2026-07-17 22:55:10.609: [BOT] Status: PREPARANDO
2026-07-17 22:55:10.609: [BOT] CHAT ID: 5519999999991@c.us
2026-07-17 22:55:10.609: [BOT] STATUS: PREPARANDO
2026-07-17 22:55:10.609: [BOT] PRIMEIROS 50 CARACTERES: Olá *Cliente Teste 1*!
2026-07-17 22:55:10.609: 
2026-07-17 22:55:10.609: 👨‍🍳 Seu pedido *#TEST001
2026-07-17 22:55:11.136: [BOT] WhatsApp aceitou o envio.
2026-07-17 22:55:11.202: [BOT] Mensagem enviada para 5519999999991 - pedido TEST001 - status PREPARANDO
2026-07-17 23:06:31.703: [BOT] STATUS ATUAL: RECEBIDO
2026-07-17 23:06:31.705: [BOT] MENSAGEM GERADA:
2026-07-17 23:06:31.705: Olá *Hallan*!
2026-07-17 23:06:31.705: 
2026-07-17 23:06:31.705: 🛍️ Recebemos seu pedido *#609959*
2026-07-17 23:06:31.705: 
2026-07-17 23:06:31.705: Total: *R$ 26,50*
2026-07-17 23:06:31.705: 
2026-07-17 23:06:31.705: Em breve seu pedido será confirmado.
2026-07-17 23:06:31.705: 
2026-07-17 23:06:31.705: Veja os detalhes do seu pedido no link:
2026-07-17 23:06:31.705: 
2026-07-17 23:06:31.705: https://marinilanches.vercel.app/status.html?id=nenjHnAyT4SjAHLgFYf2
2026-07-17 23:06:31.705: 
2026-07-17 23:06:31.705: Agradecemos pela sua escolha.
2026-07-17 23:06:31.705: 
2026-07-17 23:06:31.705: Qualquer dúvida, estamos à disposição.
2026-07-17 23:06:31.705: 
2026-07-17 23:06:31.706: Atenciosamente,
2026-07-17 23:06:31.706: 
2026-07-17 23:06:31.706: *Equipe Lanches Marini*
2026-07-17 23:06:31.706: [BOT] Cliente pronto, enviando...
2026-07-17 23:06:31.706: [BOT] pupPage existe: true
2026-07-17 23:06:31.706: [BOT] pupPage fechada: false
2026-07-17 23:06:31.706: [BOT] Browser conectado: true
2026-07-17 23:06:32.712: [BOT] Estado antes envio: CONNECTED
2026-07-17 23:06:37.728: [BOT] Estado final antes envio: CONNECTED
2026-07-17 23:06:37.728: [BOT] Enviando para: 5519992396553@c.us
2026-07-17 23:06:37.729: [BOT] Tamanho mensagem: 330
2026-07-17 23:06:37.729: [BOT] Status: RECEBIDO
2026-07-17 23:06:37.729: [BOT] CHAT ID: 5519992396553@c.us
2026-07-17 23:06:37.729: [BOT] STATUS: RECEBIDO
2026-07-17 23:06:37.729: [BOT] PRIMEIROS 50 CARACTERES: Olá *Hallan*!
2026-07-17 23:06:37.729: 
2026-07-17 23:06:37.729: 🛍️ Recebemos seu pedido *#609959*
2026-07-17 23:06:37.729: 
2026-07-17 23:06:39.214: [BOT] WhatsApp aceitou o envio.
2026-07-17 23:06:39.399: [BOT] Mensagem enviada para 5519992396553 - pedido nenjHnAyT4SjAHLgFYf2 - status RECEBIDO
2026-07-17 23:06:39.403: [BOT] Pedido nenjHnAyT4SjAHLgFYf2_PREPARANDO já processado.
2026-07-17 23:06:39.532: [BOT] STATUS ATUAL: PREPARANDO
2026-07-17 23:06:39.532: [BOT] MENSAGEM GERADA:
2026-07-17 23:06:39.532: Olá *Hallan*!
2026-07-17 23:06:39.532: 
2026-07-17 23:06:39.532: 👨‍🍳 Seu pedido *#609959* já está sendo preparado.
2026-07-17 23:06:39.532: 
2026-07-17 23:06:39.532: Você pode acompanhar o andamento em tempo real:
2026-07-17 23:06:39.532: 
2026-07-17 23:06:39.532: https://marinilanches.vercel.app/status.html?id=nenjHnAyT4SjAHLgFYf2
2026-07-17 23:06:39.532: 
2026-07-17 23:06:39.532: Obrigado pela preferência!
2026-07-17 23:06:39.532: [BOT] Cliente pronto, enviando...
2026-07-17 23:06:39.533: [BOT] pupPage existe: true
2026-07-17 23:06:39.533: [BOT] pupPage fechada: false
2026-07-17 23:06:39.534: [BOT] Browser conectado: true
2026-07-17 23:06:40.549: [BOT] Estado antes envio: CONNECTED
2026-07-17 23:06:40.928: [BOT] Pedido nenjHnAyT4SjAHLgFYf2_PREPARANDO já processado.
2026-07-17 23:06:45.556: [BOT] Estado final antes envio: CONNECTED
2026-07-17 23:06:45.557: [BOT] Enviando para: 5519992396553@c.us
2026-07-17 23:06:45.557: [BOT] Tamanho mensagem: 213
2026-07-17 23:06:45.557: [BOT] Status: PREPARANDO
2026-07-17 23:06:45.557: [BOT] CHAT ID: 5519992396553@c.us
2026-07-17 23:06:45.557: [BOT] STATUS: PREPARANDO
2026-07-17 23:06:45.557: [BOT] PRIMEIROS 50 CARACTERES: Olá *Hallan*!
2026-07-17 23:06:45.558: 
2026-07-17 23:06:45.558: 👨‍🍳 Seu pedido *#609959* já está 
2026-07-17 23:06:46.780: [BOT] WhatsApp aceitou o envio.
2026-07-17 23:06:46.863: [BOT] Mensagem enviada para 5519992396553 - pedido nenjHnAyT4SjAHLgFYf2 - status PREPARANDO
2026-07-17 23:08:00.178: [BOT] STATUS ATUAL: RECEBIDO
2026-07-17 23:08:00.178: [BOT] MENSAGEM GERADA:
2026-07-17 23:08:00.178: Olá *João José da Silva Ávila*!
2026-07-17 23:08:00.178: 
2026-07-17 23:08:00.178: 🛍️ Recebemos seu pedido *#271385*
2026-07-17 23:08:00.178: 
2026-07-17 23:08:00.178: Total: *R$ 47,90*
2026-07-17 23:08:00.178: 
2026-07-17 23:08:00.178: Em breve seu pedido será confirmado.
2026-07-17 23:08:00.178: 
2026-07-17 23:08:00.178: Veja os detalhes do seu pedido no link:
2026-07-17 23:08:00.178: 
2026-07-17 23:08:00.178: https://marinilanches.vercel.app/status.html?id=271385
2026-07-17 23:08:00.178: 
2026-07-17 23:08:00.178: Agradecemos pela sua escolha.
2026-07-17 23:08:00.178: 
2026-07-17 23:08:00.178: Qualquer dúvida, estamos à disposição.
2026-07-17 23:08:00.178: 
2026-07-17 23:08:00.178: Atenciosamente,
2026-07-17 23:08:00.178: 
2026-07-17 23:08:00.178: *Equipe Lanches Marini*
2026-07-17 23:08:00.178: [BOT] Cliente pronto, enviando...
2026-07-17 23:08:00.178: [BOT] pupPage existe: true
2026-07-17 23:08:00.178: [BOT] pupPage fechada: false
2026-07-17 23:08:00.179: [BOT] Browser conectado: true
2026-07-17 23:08:01.187: [BOT] Estado antes envio: CONNECTED
2026-07-17 23:08:06.196: [BOT] Estado final antes envio: CONNECTED
2026-07-17 23:08:06.196: [BOT] Enviando para: 5519999999999@c.us
2026-07-17 23:08:06.196: [BOT] Tamanho mensagem: 334
2026-07-17 23:08:06.196: [BOT] Status: RECEBIDO
2026-07-17 23:08:06.196: [BOT] CHAT ID: 5519999999999@c.us
2026-07-17 23:08:06.196: [BOT] STATUS: RECEBIDO
2026-07-17 23:08:06.196: [BOT] PRIMEIROS 50 CARACTERES: Olá *João José da Silva Ávila*!
2026-07-17 23:08:06.196: 
2026-07-17 23:08:06.196: 🛍️ Recebemos seu
2026-07-17 23:08:06.495: [BOT] Mensagem enviada para 5519999999999 - pedido 271385 - status RECEBIDO
2026-07-17 23:15:25.071: [BOT] STATUS ATUAL: PRONTO
2026-07-17 23:15:25.074: [BOT] MENSAGEM GERADA:
2026-07-17 23:15:25.074: Olá *Hallan*!
2026-07-17 23:15:25.074: 
2026-07-17 23:15:25.074: ✅ Seu pedido *#609959* está pronto.
2026-07-17 23:15:25.074: 
2026-07-17 23:15:25.074: Confira os detalhes:
2026-07-17 23:15:25.074: 
2026-07-17 23:15:25.074: https://marinilanches.vercel.app/status.html?id=nenjHnAyT4SjAHLgFYf2
2026-07-17 23:15:25.074: 
2026-07-17 23:15:25.074: Obrigado pela preferência!
2026-07-17 23:15:25.074: [BOT] Cliente pronto, enviando...
2026-07-17 23:15:25.074: [BOT] pupPage existe: true
2026-07-17 23:15:25.074: [BOT] pupPage fechada: false
2026-07-17 23:15:25.074: [BOT] Browser conectado: true
2026-07-17 23:15:26.088: [BOT] Estado antes envio: CONNECTED
2026-07-17 23:15:31.098: [BOT] Estado final antes envio: CONNECTED
2026-07-17 23:15:31.098: [BOT] Enviando para: 5519992396553@c.us
2026-07-17 23:15:31.098: [BOT] Tamanho mensagem: 170
2026-07-17 23:15:31.098: [BOT] Status: PRONTO
2026-07-17 23:15:31.098: [BOT] CHAT ID: 5519992396553@c.us
2026-07-17 23:15:31.098: [BOT] STATUS: PRONTO
2026-07-17 23:15:31.099: [BOT] PRIMEIROS 50 CARACTERES: Olá *Hallan*!
2026-07-17 23:15:31.099: 
2026-07-17 23:15:31.099: ✅ Seu pedido *#609959* está pronto.
2026-07-17 23:15:31.190: [BOT] WhatsApp aceitou o envio.
2026-07-17 23:15:31.279: [BOT] Mensagem enviada para 5519992396553 - pedido nenjHnAyT4SjAHLgFYf2 - status PRONTO
2026-07-17 23:25:37.484: [BOT] STATUS ATUAL: ENTREGUE
2026-07-17 23:25:37.484: [BOT] MENSAGEM GERADA:
2026-07-17 23:25:37.485: Olá *Hallan*!
2026-07-17 23:25:37.485: 
2026-07-17 23:25:37.485: 🚚 Seu pedido *#609959* foi finalizado.
2026-07-17 23:25:37.485: 
2026-07-17 23:25:37.485: Muito obrigado pela preferência!
2026-07-17 23:25:37.485: 
2026-07-17 23:25:37.485: Esperamos atendê-lo novamente em breve.
2026-07-17 23:25:37.485: [BOT] Cliente pronto, enviando...
2026-07-17 23:25:37.485: [BOT] pupPage existe: true
2026-07-17 23:25:37.485: [BOT] pupPage fechada: false
2026-07-17 23:25:37.485: [BOT] Browser conectado: true
2026-07-17 23:25:38.491: [BOT] Estado antes envio: CONNECTED
2026-07-17 23:25:43.509: [BOT] Estado final antes envio: CONNECTED
2026-07-17 23:25:43.509: [BOT] Enviando para: 5519992396553@c.us
2026-07-17 23:25:43.509: [BOT] Tamanho mensagem: 129
2026-07-17 23:25:43.509: [BOT] Status: ENTREGUE
2026-07-17 23:25:43.509: [BOT] CHAT ID: 5519992396553@c.us
2026-07-17 23:25:43.510: [BOT] STATUS: ENTREGUE
2026-07-17 23:25:43.510: [BOT] PRIMEIROS 50 CARACTERES: Olá *Hallan*!
2026-07-17 23:25:43.510: 
2026-07-17 23:25:43.510: 🚚 Seu pedido *#609959* foi finaliz
2026-07-17 23:25:43.601: [BOT] WhatsApp aceitou o envio.
2026-07-17 23:25:43.688: [BOT] Mensagem enviada para 5519992396553 - pedido nenjHnAyT4SjAHLgFYf2 - status ENTREGUE
2026-07-18 00:02:40.503: [BOT] STATUS ATUAL: RECEBIDO
2026-07-18 00:02:40.511: [BOT] MENSAGEM GERADA:
2026-07-18 00:02:40.511: Olá *Fabinho Santos*!
2026-07-18 00:02:40.511: 
2026-07-18 00:02:40.511: 🛍️ Recebemos seu pedido *#2163*
2026-07-18 00:02:40.511: 
2026-07-18 00:02:40.511: Total: *R$ 30,00*
2026-07-18 00:02:40.511: 
2026-07-18 00:02:40.511: Em breve seu pedido será confirmado.
2026-07-18 00:02:40.511: 
2026-07-18 00:02:40.511: Veja os detalhes do seu pedido no link:
2026-07-18 00:02:40.511: 
2026-07-18 00:02:40.511: https://marinilanches.vercel.app/status.html?id=QTLndSMQMAq6RClohMTX
2026-07-18 00:02:40.511: 
2026-07-18 00:02:40.511: Agradecemos pela sua escolha.
2026-07-18 00:02:40.511: 
2026-07-18 00:02:40.511: Qualquer dúvida, estamos à disposição.
2026-07-18 00:02:40.511: 
2026-07-18 00:02:40.511: Atenciosamente,
2026-07-18 00:02:40.511: 
2026-07-18 00:02:40.511: *Equipe Lanches Marini*
2026-07-18 00:02:40.511: [BOT] Cliente pronto, enviando...
2026-07-18 00:02:40.511: [BOT] pupPage existe: true
2026-07-18 00:02:40.511: [BOT] pupPage fechada: false
2026-07-18 00:02:40.511: [BOT] Browser conectado: true
2026-07-18 00:02:41.525: [BOT] Estado antes envio: CONNECTED
2026-07-18 00:02:46.562: [BOT] Estado final antes envio: CONNECTED
2026-07-18 00:02:46.563: [BOT] Enviando para: 557996301855@c.us
2026-07-18 00:02:46.563: [BOT] Tamanho mensagem: 336
2026-07-18 00:02:46.563: [BOT] Status: RECEBIDO
2026-07-18 00:02:46.563: [BOT] CHAT ID: 557996301855@c.us
2026-07-18 00:02:46.563: [BOT] STATUS: RECEBIDO
2026-07-18 00:02:46.563: [BOT] PRIMEIROS 50 CARACTERES: Olá *Fabinho Santos*!
2026-07-18 00:02:46.563: 
2026-07-18 00:02:46.564: 🛍️ Recebemos seu pedido *#
2026-07-18 00:02:48.221: [BOT] WhatsApp aceitou o envio.
2026-07-18 00:02:48.416: [BOT] Pedido QTLndSMQMAq6RClohMTX_PREPARANDO já processado.
2026-07-18 00:02:48.418: [BOT] Mensagem enviada para 557996301855 - pedido QTLndSMQMAq6RClohMTX - status RECEBIDO
2026-07-18 00:02:48.519: [BOT] STATUS ATUAL: PREPARANDO
2026-07-18 00:02:48.519: [BOT] MENSAGEM GERADA:
2026-07-18 00:02:48.519: Olá *Fabinho Santos*!
2026-07-18 00:02:48.519: 
2026-07-18 00:02:48.519: 👨‍🍳 Seu pedido *#2163* já está sendo preparado.
2026-07-18 00:02:48.519: 
2026-07-18 00:02:48.519: Você pode acompanhar o andamento em tempo real:
2026-07-18 00:02:48.519: 
2026-07-18 00:02:48.519: https://marinilanches.vercel.app/status.html?id=QTLndSMQMAq6RClohMTX
2026-07-18 00:02:48.519: 
2026-07-18 00:02:48.519: Obrigado pela preferência!
2026-07-18 00:02:48.519: [BOT] Cliente pronto, enviando...
2026-07-18 00:02:48.519: [BOT] pupPage existe: true
2026-07-18 00:02:48.519: [BOT] pupPage fechada: false
2026-07-18 00:02:48.519: [BOT] Browser conectado: true
2026-07-18 00:02:49.535: [BOT] Estado antes envio: CONNECTED
2026-07-18 00:02:54.553: [BOT] Estado final antes envio: CONNECTED
2026-07-18 00:02:54.553: [BOT] Enviando para: 557996301855@c.us
2026-07-18 00:02:54.553: [BOT] Tamanho mensagem: 219
2026-07-18 00:02:54.553: [BOT] Status: PREPARANDO
2026-07-18 00:02:54.553: [BOT] CHAT ID: 557996301855@c.us
2026-07-18 00:02:54.553: [BOT] STATUS: PREPARANDO
2026-07-18 00:02:54.553: [BOT] PRIMEIROS 50 CARACTERES: Olá *Fabinho Santos*!
2026-07-18 00:02:54.553: 
2026-07-18 00:02:54.553: 👨‍🍳 Seu pedido *#2163* já
2026-07-18 00:02:55.477: [BOT] WhatsApp aceitou o envio.
2026-07-18 00:02:55.559: [BOT] Mensagem enviada para 557996301855 - pedido QTLndSMQMAq6RClohMTX - status PREPARANDO
2026-07-18 00:23:03.869: [BOT] Estado: OPENING
2026-07-18 00:23:03.876: [BOT] Estado WhatsApp: OPENING
2026-07-18 00:23:03.876: [BOT] Estado WhatsApp: OPENING
2026-07-18 00:23:05.133: [BOT] Estado: PAIRING
2026-07-18 00:23:05.133: [BOT] Estado WhatsApp: PAIRING
2026-07-18 00:23:05.133: [BOT] Estado WhatsApp: PAIRING
2026-07-18 00:23:05.135: [BOT] Estado: CONNECTED
2026-07-18 00:23:05.135: [BOT] Estado WhatsApp: CONNECTED
2026-07-18 00:23:05.135: [BOT] Estado WhatsApp: CONNECTED
2026-07-18 00:23:51.632: [BOT] Estado: OPENING
2026-07-18 00:23:51.633: [BOT] Estado WhatsApp: OPENING
2026-07-18 00:23:51.680: [BOT] Estado WhatsApp: OPENING
2026-07-18 00:24:05.686: [BOT] Estado: PAIRING
2026-07-18 00:24:05.686: [BOT] Estado WhatsApp: PAIRING
2026-07-18 00:24:05.686: [BOT] Estado WhatsApp: PAIRING
2026-07-18 00:24:05.689: [BOT] Estado: CONNECTED
2026-07-18 00:24:05.689: [BOT] Estado WhatsApp: CONNECTED
2026-07-18 00:24:05.689: [BOT] Estado WhatsApp: CONNECTED
2026-07-18 00:24:07.430: [BOT] WhatsApp offline. Pedido FyfpS5SsUJYaKpykxbk5 aguardando.
2026-07-18 00:26:56.906: [BOT] WhatsApp offline. Pedido CLSlSetQWhrKfXEICUzt aguardando.
2026-07-18 00:27:01.939: [BOT] WhatsApp offline. Pedido CLSlSetQWhrKfXEICUzt aguardando.
2026-07-18 00:44:50.257: [BOT] WhatsApp offline. Pedido CLSlSetQWhrKfXEICUzt aguardando.
2026-07-18 01:13:01.622: [BOT] WhatsApp offline. Pedido TdN7T5poqNT8zPjZ4M4V aguardando.
2026-07-18 01:13:07.193: [BOT] WhatsApp offline. Pedido TdN7T5poqNT8zPjZ4M4V aguardando.
2026-07-18 01:13:09.631: [BOT] WhatsApp offline. Pedido TdN7T5poqNT8zPjZ4M4V aguardando.
2026-07-18 01:17:19.945: [BOT] WhatsApp offline. Pedido IoRtXKNsBkxeZAY1UcqZ aguardando.
2026-07-18 01:17:23.469: [BOT] WhatsApp offline. Pedido IoRtXKNsBkxeZAY1UcqZ aguardando.
2026-07-18 01:17:26.096: [BOT] WhatsApp offline. Pedido IoRtXKNsBkxeZAY1UcqZ aguardando.
2026-07-18 01:38:12.874: [BOT] WhatsApp offline. Pedido srLu0sp9ew15X4SBIOWj aguardando.
2026-07-18 01:38:17.526: [BOT] WhatsApp offline. Pedido srLu0sp9ew15X4SBIOWj aguardando.
2026-07-18 01:38:22.086: [BOT] WhatsApp offline. Pedido srLu0sp9ew15X4SBIOWj aguardando.
2026-07-18 01:59:17.278: [BOT] Estado: OPENING
2026-07-18 01:59:17.295: [BOT] Estado WhatsApp: OPENING
2026-07-18 01:59:17.295: [BOT] Estado WhatsApp: OPENING
2026-07-18 01:59:19.513: [BOT] Estado: PAIRING
2026-07-18 01:59:19.514: [BOT] Estado WhatsApp: PAIRING
2026-07-18 01:59:19.514: [BOT] Estado WhatsApp: PAIRING
2026-07-18 01:59:19.516: [BOT] Estado: CONNECTED
2026-07-18 01:59:19.516: [BOT] Estado WhatsApp: CONNECTED
2026-07-18 01:59:19.516: [BOT] Estado WhatsApp: CONNECTED
2026-07-18 01:59:19.788: [BOT] Carregando WhatsApp 0% - WhatsApp
2026-07-18 01:59:20.255: [BOT] Carregando WhatsApp 99% - WhatsApp
2026-07-19 01:33:17.364: [BOT] WhatsApp offline. Pedido iIlYy4Wobg128biETc0n aguardando.
2026-07-19 01:34:13.056: [BOT] WhatsApp offline. Pedido iIlYy4Wobg128biETc0n aguardando.
2026-07-19 01:34:21.441: [BOT] WhatsApp offline. Pedido iIlYy4Wobg128biETc0n aguardando.
2026-07-19 01:41:36.234: [BOT] WhatsApp offline. Pedido iIlYy4Wobg128biETc0n aguardando.
2026-07-19 01:51:11.161: [BOT] WhatsApp offline. Pedido iIlYy4Wobg128biETc0n aguardando.
2026-07-19 20:34:18.958: 🚀 API do WhatsApp rodando em http://localhost:3001
2026-07-19 20:34:27.457: [BOT] Carregando WhatsApp 0% - WhatsApp
2026-07-19 20:34:32.625: [BOT] WhatsApp autenticado.
2026-07-19 20:34:34.504: [BOT] Carregando WhatsApp 5% - WhatsApp
2026-07-19 20:34:35.540: [BOT] Carregando WhatsApp 39% - WhatsApp
2026-07-19 20:34:36.506: [BOT] Carregando WhatsApp 55% - WhatsApp
2026-07-19 20:34:37.467: [BOT] Carregando WhatsApp 99% - WhatsApp
2026-07-19 20:34:40.505: [BOT] Estado após estabilizar: CONNECTED
2026-07-19 20:34:40.505: [BOT] WhatsApp pronto!
2026-07-19 20:34:40.613: [BOT] Listener de pedidos iniciado.
2026-07-19 20:34:41.770: [BOT] STATUS ATUAL: PRONTO
2026-07-19 20:34:41.771: [BOT] MENSAGEM GERADA:
2026-07-19 20:34:41.771: Olá *Rodrigo Eibeiro*!
2026-07-19 20:34:41.771: 
2026-07-19 20:34:41.771: ✅ Seu pedido *#1203* está pronto.
2026-07-19 20:34:41.771: 
2026-07-19 20:34:41.771: Confira os detalhes:
2026-07-19 20:34:41.771: 
2026-07-19 20:34:41.771: https://marinilanches.vercel.app/status.html?id=CLSlSetQWhrKfXEICUzt
2026-07-19 20:34:41.771: 
2026-07-19 20:34:41.771: Obrigado pela preferência!
2026-07-19 20:34:41.771: [BOT] Cliente pronto, enviando...
2026-07-19 20:34:41.773: [BOT] pupPage existe: true
2026-07-19 20:34:41.773: [BOT] pupPage fechada: false
2026-07-19 20:34:41.773: [BOT] Browser conectado: true
2026-07-19 20:34:43.075: [BOT] Estado antes envio: CONNECTED
2026-07-19 20:34:48.346: [BOT] Estado final antes envio: CONNECTED
2026-07-19 20:34:48.346: [BOT] Enviando para: 5519994276287@c.us
2026-07-19 20:34:48.346: [BOT] Tamanho mensagem: 177
2026-07-19 20:34:48.346: [BOT] Status: PRONTO
2026-07-19 20:34:48.347: [BOT] CHAT ID: 5519994276287@c.us
2026-07-19 20:34:48.347: [BOT] STATUS: PRONTO
2026-07-19 20:34:48.347: [BOT] PRIMEIROS 50 CARACTERES: Olá *Rodrigo Eibeiro*!
2026-07-19 20:34:48.347: 
2026-07-19 20:34:48.347: ✅ Seu pedido *#1203* está 
2026-07-19 20:35:00.748: [BOT] WhatsApp aceitou o envio.
2026-07-19 20:35:00.890: [BOT] Mensagem enviada para 5519994276287 - pedido CLSlSetQWhrKfXEICUzt - status PRONTO
2026-07-19 20:35:00.951: [BOT] STATUS ATUAL: ENTREGUE
2026-07-19 20:35:00.951: [BOT] MENSAGEM GERADA:
2026-07-19 20:35:00.951: Olá *Jeanine*!
2026-07-19 20:35:00.951: 
2026-07-19 20:35:00.951: 🚚 Seu pedido *#813250* foi finalizado.
2026-07-19 20:35:00.951: 
2026-07-19 20:35:00.951: Muito obrigado pela preferência!
2026-07-19 20:35:00.951: 
2026-07-19 20:35:00.951: Esperamos atendê-lo novamente em breve.
2026-07-19 20:35:00.951: [BOT] Cliente pronto, enviando...
2026-07-19 20:35:00.951: [BOT] pupPage existe: true
2026-07-19 20:35:00.951: [BOT] pupPage fechada: false
2026-07-19 20:35:00.951: [BOT] Browser conectado: true
2026-07-19 20:35:02.060: [BOT] Estado antes envio: CONNECTED
2026-07-19 20:35:07.080: [BOT] Estado final antes envio: CONNECTED
2026-07-19 20:35:07.080: [BOT] Enviando para: 5519991667196@c.us
2026-07-19 20:35:07.080: [BOT] Tamanho mensagem: 130
2026-07-19 20:35:07.080: [BOT] Status: ENTREGUE
2026-07-19 20:35:07.080: [BOT] CHAT ID: 5519991667196@c.us
2026-07-19 20:35:07.080: [BOT] STATUS: ENTREGUE
2026-07-19 20:35:07.080: [BOT] PRIMEIROS 50 CARACTERES: Olá *Jeanine*!
2026-07-19 20:35:07.080: 
2026-07-19 20:35:07.080: 🚚 Seu pedido *#813250* foi finali
2026-07-19 20:35:07.139: [BOT] WhatsApp aceitou o envio.
2026-07-19 20:35:07.207: [BOT] Mensagem enviada para 5519991667196 - pedido iIlYy4Wobg128biETc0n - status ENTREGUE
2026-07-19 20:54:26.272: [BOT] Estado: OPENING
2026-07-19 20:54:26.273: [BOT] Estado WhatsApp: OPENING
2026-07-19 20:54:26.276: [BOT] Estado WhatsApp: OPENING
2026-07-19 20:54:34.390: [BOT] Estado: PAIRING
2026-07-19 20:54:34.390: [BOT] Estado WhatsApp: PAIRING
2026-07-19 20:54:34.390: [BOT] Estado WhatsApp: PAIRING
2026-07-19 20:54:34.398: [BOT] Estado: CONNECTED
2026-07-19 20:54:34.398: [BOT] Estado WhatsApp: CONNECTED
2026-07-19 20:54:34.398: [BOT] Estado WhatsApp: CONNECTED
2026-07-19 22:17:34.634: [BOT] WhatsApp offline. Pedido iqZis78t5yrLlSa3lOCk aguardando.
2026-07-19 22:17:34.653: [BOT] WhatsApp offline. Pedido lFo5E6KFrxjhoqawOyKM aguardando.
2026-07-19 22:17:34.661: [BOT] WhatsApp offline. Pedido aewBcFsDoNzrARqGyTlp aguardando.
2026-07-19 22:17:34.667: [BOT] WhatsApp offline. Pedido DdiSIHwBDIHW1hphoXmQ aguardando.
2026-07-19 22:17:35.167: [BOT] WhatsApp offline. Pedido L0hgoK23a7H2nmOwHO4k aguardando.
2026-07-19 22:17:36.276: [BOT] WhatsApp offline. Pedido vtu2xZBz2GUCCVCExgyG aguardando.
2026-07-19 22:20:29.250: [BOT] WhatsApp offline. Pedido vtu2xZBz2GUCCVCExgyG aguardando.
2026-07-19 22:20:33.798: [BOT] WhatsApp offline. Pedido L0hgoK23a7H2nmOwHO4k aguardando.
2026-07-19 22:20:40.233: [BOT] WhatsApp offline. Pedido vtu2xZBz2GUCCVCExgyG aguardando.
2026-07-19 22:20:40.265: [BOT] WhatsApp offline. Pedido L0hgoK23a7H2nmOwHO4k aguardando.
2026-07-19 22:22:42.762: [BOT] WhatsApp offline. Pedido osUF4zQ6d0YHbe66mRH1 aguardando.
2026-07-19 22:22:47.846: [BOT] WhatsApp offline. Pedido osUF4zQ6d0YHbe66mRH1 aguardando.
2026-07-19 22:44:00.007: [BOT] WhatsApp offline. Pedido osUF4zQ6d0YHbe66mRH1 aguardando.
2026-07-19 22:45:18.553: [BOT] WhatsApp offline. Pedido L0hgoK23a7H2nmOwHO4k aguardando.
2026-07-19 22:48:50.745: [BOT] WhatsApp offline. Pedido 271385 aguardando.
2026-07-19 22:48:54.784: [BOT] WhatsApp offline. Pedido 271385 aguardando.
2026-07-19 22:48:57.642: [BOT] WhatsApp offline. Pedido 271385 aguardando.
2026-07-19 22:55:03.091: [BOT] WhatsApp offline. Pedido ivENhWF5fbhuieSGB0hv aguardando.
2026-07-19 22:55:09.816: [BOT] WhatsApp offline. Pedido ivENhWF5fbhuieSGB0hv aguardando.
2026-07-19 23:03:27.575: [BOT] WhatsApp offline. Pedido LRhezf2pEmF7kF48nmjy aguardando.
2026-07-19 23:03:34.423: [BOT] WhatsApp offline. Pedido LRhezf2pEmF7kF48nmjy aguardando.
2026-07-19 23:03:37.599: [BOT] WhatsApp offline. Pedido LRhezf2pEmF7kF48nmjy aguardando.
2026-07-19 23:13:04.627: [BOT] WhatsApp offline. Pedido L0hgoK23a7H2nmOwHO4k aguardando.
2026-07-19 23:13:12.022: [BOT] WhatsApp offline. Pedido ivENhWF5fbhuieSGB0hv aguardando.
2026-07-19 23:13:46.459: [BOT] WhatsApp offline. Pedido ivENhWF5fbhuieSGB0hv aguardando.
2026-07-19 23:49:32.829: [BOT] WhatsApp offline. Pedido QhJhMyKJHuIXC4D7CZPg aguardando.
2026-07-19 23:49:42.871: [BOT] WhatsApp offline. Pedido QhJhMyKJHuIXC4D7CZPg aguardando.
2026-07-19 23:49:46.347: [BOT] WhatsApp offline. Pedido QhJhMyKJHuIXC4D7CZPg aguardando.
2026-07-19 23:54:20.126: 🚀 API do WhatsApp rodando em http://localhost:3001
2026-07-19 23:54:33.430: [BOT] Carregando WhatsApp 0% - WhatsApp
2026-07-19 23:54:40.444: [BOT] WhatsApp autenticado.
2026-07-19 23:54:45.047: [BOT] Carregando WhatsApp 95% - WhatsApp
2026-07-19 23:54:45.349: [BOT] Carregando WhatsApp 99% - WhatsApp
2026-07-19 23:54:50.790: [BOT] Estado após estabilizar: CONNECTED
2026-07-19 23:54:50.790: [BOT] WhatsApp pronto!
2026-07-19 23:54:50.863: [BOT] Listener de pedidos iniciado.
2026-07-19 23:54:52.101: [BOT] STATUS ATUAL: ENTREGUE
2026-07-19 23:54:52.101: [BOT] MENSAGEM GERADA:
2026-07-19 23:54:52.102: Olá *Larissa*!
2026-07-19 23:54:52.102: 
2026-07-19 23:54:52.102: 🚚 Seu pedido *#469787* foi finalizado.
2026-07-19 23:54:52.102: 
2026-07-19 23:54:52.102: Muito obrigado pela preferência!
2026-07-19 23:54:52.102: 
2026-07-19 23:54:52.102: Esperamos atendê-lo novamente em breve.
2026-07-19 23:54:52.102: [BOT] Cliente pronto, enviando...
2026-07-19 23:54:52.103: [BOT] pupPage existe: true
2026-07-19 23:54:52.104: [BOT] pupPage fechada: false
2026-07-19 23:54:52.104: [BOT] Browser conectado: true
2026-07-19 23:54:53.151: [BOT] Estado antes envio: CONNECTED
2026-07-19 23:54:58.187: [BOT] Estado final antes envio: CONNECTED
2026-07-19 23:54:58.187: [BOT] Enviando para: 5519995819996@c.us
2026-07-19 23:54:58.187: [BOT] Tamanho mensagem: 130
2026-07-19 23:54:58.187: [BOT] Status: ENTREGUE
2026-07-19 23:54:58.187: [BOT] CHAT ID: 5519995819996@c.us
2026-07-19 23:54:58.188: [BOT] STATUS: ENTREGUE
2026-07-19 23:54:58.188: [BOT] PRIMEIROS 50 CARACTERES: Olá *Larissa*!
2026-07-19 23:54:58.188: 
2026-07-19 23:54:58.188: 🚚 Seu pedido *#469787* foi finali
2026-07-19 23:55:00.543: [BOT] WhatsApp aceitou o envio.
2026-07-19 23:55:00.670: [BOT] Mensagem enviada para 5519995819996 - pedido L0hgoK23a7H2nmOwHO4k - status ENTREGUE
2026-07-19 23:55:00.790: [BOT] STATUS ATUAL: ENTREGUE
2026-07-19 23:55:00.790: [BOT] MENSAGEM GERADA:
2026-07-19 23:55:00.790: Olá *Kleber fernando de oliveira Oliveira*!
2026-07-19 23:55:00.790: 
2026-07-19 23:55:00.790: 🚚 Seu pedido *#225293* foi finalizado.
2026-07-19 23:55:00.790: 
2026-07-19 23:55:00.790: Muito obrigado pela preferência!
2026-07-19 23:55:00.790: 
2026-07-19 23:55:00.790: Esperamos atendê-lo novamente em breve.
2026-07-19 23:55:00.790: [BOT] Cliente pronto, enviando...
2026-07-19 23:55:00.790: [BOT] pupPage existe: true
2026-07-19 23:55:00.790: [BOT] pupPage fechada: false
2026-07-19 23:55:00.791: [BOT] Browser conectado: true
2026-07-19 23:55:01.945: [BOT] Estado antes envio: CONNECTED
2026-07-19 23:55:07.448: [BOT] Estado final antes envio: CONNECTED
2026-07-19 23:55:07.450: [BOT] Enviando para: 5519995976316@c.us
2026-07-19 23:55:07.450: [BOT] Tamanho mensagem: 159
2026-07-19 23:55:07.450: [BOT] Status: ENTREGUE
2026-07-19 23:55:07.450: [BOT] CHAT ID: 5519995976316@c.us
2026-07-19 23:55:07.450: [BOT] STATUS: ENTREGUE
2026-07-19 23:55:07.450: [BOT] PRIMEIROS 50 CARACTERES: Olá *Kleber fernando de oliveira Oliveira*!
2026-07-19 23:55:07.450: 
2026-07-19 23:55:07.450: 🚚 Se
2026-07-19 23:55:07.973: [BOT] WhatsApp aceitou o envio.
2026-07-19 23:55:08.052: [BOT] Mensagem enviada para 5519995976316 - pedido LRhezf2pEmF7kF48nmjy - status ENTREGUE
2026-07-19 23:55:08.133: [BOT] STATUS ATUAL: PREPARANDO
2026-07-19 23:55:08.133: [BOT] MENSAGEM GERADA:
2026-07-19 23:55:08.133: Olá *Pablo Felipe*!
2026-07-19 23:55:08.134: 
2026-07-19 23:55:08.134: 👨‍🍳 Seu pedido *#988710* já está sendo preparado.
2026-07-19 23:55:08.134: 
2026-07-19 23:55:08.134: Você pode acompanhar o andamento em tempo real:
2026-07-19 23:55:08.134: 
2026-07-19 23:55:08.134: https://marinilanches.vercel.app/status.html?id=QhJhMyKJHuIXC4D7CZPg
2026-07-19 23:55:08.134: 
2026-07-19 23:55:08.134: Obrigado pela preferência!
2026-07-19 23:55:08.134: [BOT] Cliente pronto, enviando...
2026-07-19 23:55:08.134: [BOT] pupPage existe: true
2026-07-19 23:55:08.134: [BOT] pupPage fechada: false
2026-07-19 23:55:08.134: [BOT] Browser conectado: true
2026-07-19 23:55:09.152: [BOT] Estado antes envio: CONNECTED
2026-07-19 23:55:14.167: [BOT] Estado final antes envio: CONNECTED
2026-07-19 23:55:14.167: [BOT] Enviando para: 5519992124938@c.us
2026-07-19 23:55:14.167: [BOT] Tamanho mensagem: 219
2026-07-19 23:55:14.168: [BOT] Status: PREPARANDO
2026-07-19 23:55:14.168: [BOT] CHAT ID: 5519992124938@c.us
2026-07-19 23:55:14.168: [BOT] STATUS: PREPARANDO
2026-07-19 23:55:14.168: [BOT] PRIMEIROS 50 CARACTERES: Olá *Pablo Felipe*!
2026-07-19 23:55:14.168: 
2026-07-19 23:55:14.168: 👨‍🍳 Seu pedido *#988710* já
2026-07-19 23:55:16.448: [BOT] WhatsApp aceitou o envio.
2026-07-19 23:55:16.586: [BOT] Mensagem enviada para 5519992124938 - pedido QhJhMyKJHuIXC4D7CZPg - status PREPARANDO
2026-07-19 23:55:16.652: [BOT] STATUS ATUAL: ENTREGUE
2026-07-19 23:55:16.652: [BOT] MENSAGEM GERADA:
2026-07-19 23:55:16.652: Olá *Mateus*!
2026-07-19 23:55:16.652: 
2026-07-19 23:55:16.653: 🚚 Seu pedido *#719564* foi finalizado.
2026-07-19 23:55:16.653: 
2026-07-19 23:55:16.653: Muito obrigado pela preferência!
2026-07-19 23:55:16.653: 
2026-07-19 23:55:16.653: Esperamos atendê-lo novamente em breve.
2026-07-19 23:55:16.653: [BOT] Cliente pronto, enviando...
2026-07-19 23:55:16.653: [BOT] pupPage existe: true
2026-07-19 23:55:16.653: [BOT] pupPage fechada: false
2026-07-19 23:55:16.653: [BOT] Browser conectado: true
2026-07-19 23:55:17.665: [BOT] Estado antes envio: CONNECTED
2026-07-19 23:55:22.780: [BOT] Estado final antes envio: CONNECTED
2026-07-19 23:55:22.780: [BOT] Enviando para: 5519971178933@c.us
2026-07-19 23:55:22.780: [BOT] Tamanho mensagem: 129
2026-07-19 23:55:22.781: [BOT] Status: ENTREGUE
2026-07-19 23:55:22.781: [BOT] CHAT ID: 5519971178933@c.us
2026-07-19 23:55:22.781: [BOT] STATUS: ENTREGUE
2026-07-19 23:55:22.781: [BOT] PRIMEIROS 50 CARACTERES: Olá *Mateus*!
2026-07-19 23:55:22.781: 
2026-07-19 23:55:22.781: 🚚 Seu pedido *#719564* foi finaliz
2026-07-19 23:55:22.853: [BOT] WhatsApp aceitou o envio.
2026-07-19 23:55:22.915: [BOT] Mensagem enviada para 5519971178933 - pedido ivENhWF5fbhuieSGB0hv - status ENTREGUE
2026-07-19 23:55:23.008: [BOT] STATUS ATUAL: ENTREGUE
2026-07-19 23:55:23.008: [BOT] MENSAGEM GERADA:
2026-07-19 23:55:23.008: Olá *Mateus*!
2026-07-19 23:55:23.008: 
2026-07-19 23:55:23.008: 🚚 Seu pedido *#781062* foi finalizado.
2026-07-19 23:55:23.008: 
2026-07-19 23:55:23.008: Muito obrigado pela preferência!
2026-07-19 23:55:23.008: 
2026-07-19 23:55:23.008: Esperamos atendê-lo novamente em breve.
2026-07-19 23:55:23.008: [BOT] Cliente pronto, enviando...
2026-07-19 23:55:23.008: [BOT] pupPage existe: true
2026-07-19 23:55:23.008: [BOT] pupPage fechada: false
2026-07-19 23:55:23.009: [BOT] Browser conectado: true
2026-07-19 23:55:24.342: [BOT] Estado antes envio: CONNECTED
2026-07-19 23:55:29.350: [BOT] Estado final antes envio: CONNECTED
2026-07-19 23:55:29.350: [BOT] Enviando para: 5519991064903@c.us
2026-07-19 23:55:29.350: [BOT] Tamanho mensagem: 129
2026-07-19 23:55:29.350: [BOT] Status: ENTREGUE
2026-07-19 23:55:29.350: [BOT] CHAT ID: 5519991064903@c.us
2026-07-19 23:55:29.350: [BOT] STATUS: ENTREGUE
2026-07-19 23:55:29.350: [BOT] PRIMEIROS 50 CARACTERES: Olá *Mateus*!
2026-07-19 23:55:29.350: 
2026-07-19 23:55:29.350: 🚚 Seu pedido *#781062* foi finaliz
2026-07-19 23:55:29.991: [BOT] WhatsApp aceitou o envio.
2026-07-19 23:55:30.066: [BOT] Mensagem enviada para 5519991064903 - pedido osUF4zQ6d0YHbe66mRH1 - status ENTREGUE
